<?xml version="1.0" encoding="UTF-8"?>
<testsuite xmlns:xsi="http://www.w3.org/2001/XMLSchema-instance" xsi:noNamespaceSchemaLocation="https://maven.apache.org/surefire/maven-surefire-plugin/xsd/surefire-test-report-3.0.xsd" version="3.0" name="TestSuite" time="38.312" tests="9" errors="0" skipped="0" failures="2">
  <properties>
[...]
</properties>
  <testcase name="hardAssertsMainPage" classname="testcases.AssertsTest" time="4.696">
    <failure message="expected [Sign Out] but found [Sign Up]" type="java.lang.AssertionError">java.lang.AssertionError: expected [Sign Out] but found [Sign Up]
	at testcases.AssertsTest.hardAssertsMainPage(AssertsTest.java:46)
</failure>
    <system-err><![CDATA[SLF4J: Failed to load class "org.slf4j.impl.StaticLoggerBinder".
SLF4J: Defaulting to no-operation (NOP) logger implementation
SLF4J: See http://www.slf4j.org/codes.html#StaticLoggerBinder for further details.
StartStarStartting ing ChromieDriChromeDriver 114.vng ChromeDriver 114.0.er 114.0.5730557..5735935.90 .(386bc09e8f40 (386f90 2e025eddae123f3bc09e8f6(f6263096ae49-4f2e025eddae123f36f626refs/branch-hea386bc09ds/5733096ae49-refs/branch-heads/5735@{#1052}5e@{#1052}) on port 10187) on port 23105
Only local connect
Only local connections are all8owed.ion
Plf4f2eass ae se02ee reh5eddae123f36f6263096attps://ch allowed.
Please see https://chromedriver.chromiumromedriver.chromium.org/seecurit.org/security-y49--considerations for suggestions on keeping ChromeDriver safe.
considerationsrefs/branch-heads f/5or suggestion735@s on keeping C{hromeDriver safe.
#1052}) on port 46265
Only local connections are allowed.
Please see https://chromedriver.chromium.org/security-considerations for suggestions on keeping ChromeDriver safe.
ChromeDriver was sChrometartCed succehromeDriver was sDrtartessfully.d succeivssf
ully.
er was started successfully.
[1691763885.284][WARNING]: This version of ChromeDriver has not been tested with Chrome version 115.
[1691763885.433][WARNING]: This version of ChromeDriver has not been tested with Chrome version 115.
[1691763885.584][WARNING]: This version of ChromeDriver has not been tested with Chrome version 115.
Aug 11, 2023 5:24:46 PM org.openqa.selenium.devtools.CdpVersionFinder findNearestMatch
WARNING: Unable to find an exact match for CDP version 115, so returning the closest version found: 112
Aug 11, 2023 5:24:46 PM org.openqa.selenium.devtools.CdpVersionFinder findNearestMatch
WARNING: Unable to find an exact match for CDP version 115, so returning the closest version found: 112
Aug 11, 2023 5:24:46 PM org.openqa.selenium.devtools.CdpVersionFinder findNearestMatch
WARNING: Unable to find an exact match for CDP version 115, so returning the closest version found: 112
]]></system-err>
  </testcase>
  <testcase name="ValidateJobList" classname="testcases.JavaAndSeleniumPracticeTest" time="5.206"/>
  <testcase name="EnterUserDataSubmit" classname="testcases.FirstTest" time="5.405"/>
  <testcase name="softAssertsMainAndSignInPages" classname="testcases.AssertsTest" time="7.47">
    <failure message="The following asserts failed:&#10;	expected [Sign Out] but found [Sign Up],&#10;	expected [false] but found [true],&#10;	expected [false] but found [true]" type="java.lang.AssertionError">java.lang.AssertionError: 
The following asserts failed:
	expected [Sign Out] but found [Sign Up],
	expected [false] but found [true],
	expected [false] but found [true]
	at testcases.AssertsTest.softAssertsMainAndSignInPages(AssertsTest.java:81)
</failure>
    <system-err><![CDATA[Starting ChromeDriver 114.0.5735.90 (386bc09e8f4f2e025eddae123f36f6263096ae49-refs/branch-heads/5735@{#1052}) on port 23163
Only local connections are allowed.
Please see https://chromedriver.chromium.org/security-considerations for suggestions on keeping ChromeDriver safe.
ChromeDriver was started successfully.
Starting ChromeDriver 114.0.5735.90 (386bc09e8f4f2e025eddae123f36f6263096ae49-refs/branch-heads/5735@{#1052}) on port 39145
Only local connections are allowed.
Please see https://chromedriver.chromium.org/security-considerations for suggestions on keeping ChromeDriver safe.
ChromeDriver was started successfully.
[1691763892.910][WARNING]: This version of ChromeDriver has not been tested with Chrome version 115.
Aug 11, 2023 5:24:53 PM org.openqa.selenium.devtools.CdpVersionFinder findNearestMatch
WARNING: Unable to find an exact match for CDP version 115, so returning the closest version found: 112
[1691763893.709][WARNING]: This version of ChromeDriver has not been tested with Chrome version 115.
Aug 11, 2023 5:24:53 PM org.openqa.selenium.devtools.CdpVersionFinder findNearestMatch
WARNING: Unable to find an exact match for CDP version 115, so returning the closest version found: 112
]]></system-err>
  </testcase>
  <testcase name="IncorrectEmailError" classname="testcases.FirstTest" time="7.997"/>
  <testcase name="OpenSignInPage" classname="testcases.FirstTest" time="2.445"/>
  <testcase name="OpenWebsite" classname="testcases.FirstTest" time="1.98"/>
  <testcase name="ValidateFieldsAndButtonDisplaying" classname="testcases.FirstTest" time="2.703"/>
  <testcase name="test" classname="testcases.FirstTest" time="5.507"/>
</testsuite>