<?xml version="1.0" encoding="UTF-8"?>
<testng-results ignored="0" total="9" passed="7" failed="2" skipped="0">
  <reporter-output>
  </reporter-output>
  <suite started-at="2023-08-10T15:00:19 EEST" name="Suite1" finished-at="2023-08-10T15:03:16 EEST" duration-ms="177290">
    <groups>
    </groups>
    <test started-at="2023-08-10T15:00:19 EEST" name="Homework" finished-at="2023-08-10T15:03:16 EEST" duration-ms="177290">
      <class name="testcases.JavaAndSeleniumPracticeTest">
        <test-method is-config="true" signature="ChromeSetUp()[pri:0, instance:testcases.JavaAndSeleniumPracticeTest@31368b99]" started-at="2023-08-10T15:00:19 EEST" name="ChromeSetUp" finished-at="2023-08-10T15:00:23 EEST" duration-ms="3891" status="PASS">
          <reporter-output>
          </reporter-output>
        </test-method> <!-- ChromeSetUp -->
        <test-method signature="ValidateJobList()[pri:0, instance:testcases.JavaAndSeleniumPracticeTest@31368b99]" started-at="2023-08-10T15:00:23 EEST" name="ValidateJobList" finished-at="2023-08-10T15:01:00 EEST" duration-ms="37082" status="PASS">
          <reporter-output>
          </reporter-output>
        </test-method> <!-- ValidateJobList -->
        <test-method is-config="true" signature="ChromeClose()[pri:0, instance:testcases.JavaAndSeleniumPracticeTest@31368b99]" started-at="2023-08-10T15:01:00 EEST" name="ChromeClose" finished-at="2023-08-10T15:01:00 EEST" duration-ms="285" status="PASS">
          <reporter-output>
          </reporter-output>
        </test-method> <!-- ChromeClose -->
      </class> <!-- testcases.JavaAndSeleniumPracticeTest -->
      <class name="testcases.AssertsTest">
        <test-method is-config="true" signature="ChromeSetUp()[pri:0, instance:testcases.AssertsTest@1725dc0f]" started-at="2023-08-10T15:00:19 EEST" name="ChromeSetUp" finished-at="2023-08-10T15:00:23 EEST" duration-ms="3839" status="PASS">
          <reporter-output>
          </reporter-output>
        </test-method> <!-- ChromeSetUp -->
        <test-method signature="hardAssertsMainPage()[pri:0, instance:testcases.AssertsTest@1725dc0f]" started-at="2023-08-10T15:00:23 EEST" name="hardAssertsMainPage" finished-at="2023-08-10T15:01:04 EEST" duration-ms="41506" status="FAIL">
          <exception class="java.lang.AssertionError">
            <message>
              <![CDATA[expected [Sign Out] but found [Sign Up]]]>
            </message>
            <full-stacktrace>
              <![CDATA[java.lang.AssertionError: expected [Sign Out] but found [Sign Up]
at org.testng.Assert.fail(Assert.java:111)
at org.testng.Assert.failNotEquals(Assert.java:1578)
at org.testng.Assert.assertEqualsImpl(Assert.java:150)
at org.testng.Assert.assertEquals(Assert.java:132)
at org.testng.Assert.assertEquals(Assert.java:656)
at org.testng.Assert.assertEquals(Assert.java:666)
at testcases.AssertsTest.hardAssertsMainPage(AssertsTest.java:46)
at java.base/jdk.internal.reflect.DirectMethodHandleAccessor.invoke(DirectMethodHandleAccessor.java:104)
at java.base/java.lang.reflect.Method.invoke(Method.java:578)
at org.testng.internal.invokers.MethodInvocationHelper.invokeMethod(MethodInvocationHelper.java:139)
at org.testng.internal.invokers.TestInvoker.invokeMethod(TestInvoker.java:664)
at org.testng.internal.invokers.TestInvoker.invokeTestMethod(TestInvoker.java:227)
at org.testng.internal.invokers.MethodRunner.runInSequence(MethodRunner.java:50)
at org.testng.internal.invokers.TestInvoker$MethodInvocationAgent.invoke(TestInvoker.java:957)
at org.testng.internal.invokers.TestInvoker.invokeTestMethods(TestInvoker.java:200)
at org.testng.internal.invokers.TestMethodWorker.invokeTestMethods(TestMethodWorker.java:148)
at org.testng.internal.invokers.TestMethodWorker.run(TestMethodWorker.java:128)
at java.base/java.util.concurrent.ThreadPoolExecutor.runWorker(ThreadPoolExecutor.java:1144)
at java.base/java.util.concurrent.ThreadPoolExecutor$Worker.run(ThreadPoolExecutor.java:642)
at java.base/java.lang.Thread.run(Thread.java:1623)
]]>
            </full-stacktrace>
          </exception> <!-- java.lang.AssertionError -->
          <reporter-output>
          </reporter-output>
        </test-method> <!-- hardAssertsMainPage -->
        <test-method is-config="true" signature="ChromeClose()[pri:0, instance:testcases.AssertsTest@1725dc0f]" started-at="2023-08-10T15:01:04 EEST" name="ChromeClose" finished-at="2023-08-10T15:01:04 EEST" duration-ms="352" status="PASS">
          <reporter-output>
          </reporter-output>
        </test-method> <!-- ChromeClose -->
        <test-method is-config="true" signature="ChromeSetUp()[pri:0, instance:testcases.AssertsTest@1725dc0f]" started-at="2023-08-10T15:01:04 EEST" name="ChromeSetUp" finished-at="2023-08-10T15:01:05 EEST" duration-ms="948" status="PASS">
          <reporter-output>
          </reporter-output>
        </test-method> <!-- ChromeSetUp -->
        <test-method signature="softAssertsMainAndSignInPages()[pri:0, instance:testcases.AssertsTest@1725dc0f]" started-at="2023-08-10T15:01:05 EEST" name="softAssertsMainAndSignInPages" finished-at="2023-08-10T15:01:42 EEST" duration-ms="36923" status="FAIL">
          <exception class="java.lang.AssertionError">
            <message>
              <![CDATA[The following asserts failed:
expected [Sign Out] but found [Sign Up],
expected [false] but found [true],
expected [false] but found [true]]]>
            </message>
            <full-stacktrace>
              <![CDATA[java.lang.AssertionError: The following asserts failed:
expected [Sign Out] but found [Sign Up],
expected [false] but found [true],
expected [false] but found [true]
at org.testng.asserts.SoftAssert.assertAll(SoftAssert.java:46)
at org.testng.asserts.SoftAssert.assertAll(SoftAssert.java:30)
at testcases.AssertsTest.softAssertsMainAndSignInPages(AssertsTest.java:81)
at java.base/jdk.internal.reflect.DirectMethodHandleAccessor.invoke(DirectMethodHandleAccessor.java:104)
at java.base/java.lang.reflect.Method.invoke(Method.java:578)
at org.testng.internal.invokers.MethodInvocationHelper.invokeMethod(MethodInvocationHelper.java:139)
at org.testng.internal.invokers.TestInvoker.invokeMethod(TestInvoker.java:664)
at org.testng.internal.invokers.TestInvoker.invokeTestMethod(TestInvoker.java:227)
at org.testng.internal.invokers.MethodRunner.runInSequence(MethodRunner.java:50)
at org.testng.internal.invokers.TestInvoker$MethodInvocationAgent.invoke(TestInvoker.java:957)
at org.testng.internal.invokers.TestInvoker.invokeTestMethods(TestInvoker.java:200)
at org.testng.internal.invokers.TestMethodWorker.invokeTestMethods(TestMethodWorker.java:148)
at org.testng.internal.invokers.TestMethodWorker.run(TestMethodWorker.java:128)
at java.base/java.util.concurrent.ThreadPoolExecutor.runWorker(ThreadPoolExecutor.java:1144)
at java.base/java.util.concurrent.ThreadPoolExecutor$Worker.run(ThreadPoolExecutor.java:642)
at java.base/java.lang.Thread.run(Thread.java:1623)
]]>
            </full-stacktrace>
          </exception> <!-- java.lang.AssertionError -->
          <reporter-output>
          </reporter-output>
        </test-method> <!-- softAssertsMainAndSignInPages -->
        <test-method is-config="true" signature="ChromeClose()[pri:0, instance:testcases.AssertsTest@1725dc0f]" started-at="2023-08-10T15:01:42 EEST" name="ChromeClose" finished-at="2023-08-10T15:01:43 EEST" duration-ms="402" status="PASS">
          <reporter-output>
          </reporter-output>
        </test-method> <!-- ChromeClose -->
      </class> <!-- testcases.AssertsTest -->
      <class name="testcases.FirstTest">
        <test-method is-config="true" signature="ChromeSetUp()[pri:0, instance:testcases.FirstTest@3c419631]" started-at="2023-08-10T15:00:19 EEST" name="ChromeSetUp" finished-at="2023-08-10T15:00:23 EEST" duration-ms="3836" status="PASS">
          <reporter-output>
          </reporter-output>
        </test-method> <!-- ChromeSetUp -->
        <test-method signature="EnterUserDataSubmit()[pri:0, instance:testcases.FirstTest@3c419631]" started-at="2023-08-10T15:00:23 EEST" name="EnterUserDataSubmit" finished-at="2023-08-10T15:00:57 EEST" duration-ms="34053" status="PASS">
          <reporter-output>
          </reporter-output>
        </test-method> <!-- EnterUserDataSubmit -->
        <test-method is-config="true" signature="ChromeClose()[pri:0, instance:testcases.FirstTest@3c419631]" started-at="2023-08-10T15:00:57 EEST" name="ChromeClose" finished-at="2023-08-10T15:00:57 EEST" duration-ms="339" status="PASS">
          <reporter-output>
          </reporter-output>
        </test-method> <!-- ChromeClose -->
        <test-method is-config="true" signature="ChromeSetUp()[pri:0, instance:testcases.FirstTest@3c419631]" started-at="2023-08-10T15:00:57 EEST" name="ChromeSetUp" finished-at="2023-08-10T15:00:58 EEST" duration-ms="1277" status="PASS">
          <reporter-output>
          </reporter-output>
        </test-method> <!-- ChromeSetUp -->
        <test-method signature="IncorrectEmailError()[pri:0, instance:testcases.FirstTest@3c419631]" started-at="2023-08-10T15:00:58 EEST" name="IncorrectEmailError" finished-at="2023-08-10T15:01:33 EEST" duration-ms="35053" status="PASS">
          <reporter-output>
          </reporter-output>
        </test-method> <!-- IncorrectEmailError -->
        <test-method is-config="true" signature="ChromeClose()[pri:0, instance:testcases.FirstTest@3c419631]" started-at="2023-08-10T15:01:33 EEST" name="ChromeClose" finished-at="2023-08-10T15:01:34 EEST" duration-ms="323" status="PASS">
          <reporter-output>
          </reporter-output>
        </test-method> <!-- ChromeClose -->
        <test-method is-config="true" signature="ChromeSetUp()[pri:0, instance:testcases.FirstTest@3c419631]" started-at="2023-08-10T15:01:34 EEST" name="ChromeSetUp" finished-at="2023-08-10T15:01:35 EEST" duration-ms="991" status="PASS">
          <reporter-output>
          </reporter-output>
        </test-method> <!-- ChromeSetUp -->
        <test-method signature="OpenSignInPage()[pri:0, instance:testcases.FirstTest@3c419631]" started-at="2023-08-10T15:01:35 EEST" name="OpenSignInPage" finished-at="2023-08-10T15:01:57 EEST" duration-ms="22511" status="PASS">
          <reporter-output>
          </reporter-output>
        </test-method> <!-- OpenSignInPage -->
        <test-method is-config="true" signature="ChromeClose()[pri:0, instance:testcases.FirstTest@3c419631]" started-at="2023-08-10T15:01:57 EEST" name="ChromeClose" finished-at="2023-08-10T15:01:57 EEST" duration-ms="262" status="PASS">
          <reporter-output>
          </reporter-output>
        </test-method> <!-- ChromeClose -->
        <test-method is-config="true" signature="ChromeSetUp()[pri:0, instance:testcases.FirstTest@3c419631]" started-at="2023-08-10T15:01:57 EEST" name="ChromeSetUp" finished-at="2023-08-10T15:01:58 EEST" duration-ms="1019" status="PASS">
          <reporter-output>
          </reporter-output>
        </test-method> <!-- ChromeSetUp -->
        <test-method signature="OpenWebsite()[pri:0, instance:testcases.FirstTest@3c419631]" started-at="2023-08-10T15:01:58 EEST" name="OpenWebsite" finished-at="2023-08-10T15:02:22 EEST" duration-ms="23722" status="PASS">
          <reporter-output>
          </reporter-output>
        </test-method> <!-- OpenWebsite -->
        <test-method is-config="true" signature="ChromeClose()[pri:0, instance:testcases.FirstTest@3c419631]" started-at="2023-08-10T15:02:22 EEST" name="ChromeClose" finished-at="2023-08-10T15:02:22 EEST" duration-ms="241" status="PASS">
          <reporter-output>
          </reporter-output>
        </test-method> <!-- ChromeClose -->
        <test-method is-config="true" signature="ChromeSetUp()[pri:0, instance:testcases.FirstTest@3c419631]" started-at="2023-08-10T15:02:22 EEST" name="ChromeSetUp" finished-at="2023-08-10T15:02:24 EEST" duration-ms="1091" status="PASS">
          <reporter-output>
          </reporter-output>
        </test-method> <!-- ChromeSetUp -->
        <test-method signature="ValidateFieldsAndButtonDisplaying()[pri:0, instance:testcases.FirstTest@3c419631]" started-at="2023-08-10T15:02:24 EEST" name="ValidateFieldsAndButtonDisplaying" finished-at="2023-08-10T15:02:45 EEST" duration-ms="21724" status="PASS">
          <reporter-output>
          </reporter-output>
        </test-method> <!-- ValidateFieldsAndButtonDisplaying -->
        <test-method is-config="true" signature="ChromeClose()[pri:0, instance:testcases.FirstTest@3c419631]" started-at="2023-08-10T15:02:45 EEST" name="ChromeClose" finished-at="2023-08-10T15:02:45 EEST" duration-ms="254" status="PASS">
          <reporter-output>
          </reporter-output>
        </test-method> <!-- ChromeClose -->
        <test-method is-config="true" signature="ChromeSetUp()[pri:0, instance:testcases.FirstTest@3c419631]" started-at="2023-08-10T15:02:45 EEST" name="ChromeSetUp" finished-at="2023-08-10T15:02:47 EEST" duration-ms="1082" status="PASS">
          <reporter-output>
          </reporter-output>
        </test-method> <!-- ChromeSetUp -->
        <test-method signature="test()[pri:0, instance:testcases.FirstTest@3c419631]" started-at="2023-08-10T15:02:47 EEST" name="test" finished-at="2023-08-10T15:03:16 EEST" duration-ms="29060" status="PASS">
          <reporter-output>
          </reporter-output>
        </test-method> <!-- test -->
        <test-method is-config="true" signature="ChromeClose()[pri:0, instance:testcases.FirstTest@3c419631]" started-at="2023-08-10T15:03:16 EEST" name="ChromeClose" finished-at="2023-08-10T15:03:16 EEST" duration-ms="384" status="PASS">
          <reporter-output>
          </reporter-output>
        </test-method> <!-- ChromeClose -->
      </class> <!-- testcases.FirstTest -->
    </test> <!-- Homework -->
  </suite> <!-- Suite1 -->
</testng-results>
