<?xml version="1.0" encoding="UTF-8" ?>
<testsuite tests="9" failures="2" name="TestSuite" time="221.839" errors="0" skipped="0">
  <properties>
[...]
</properties>
  <testcase classname="testcases.AssertsTest" name="hardAssertsMainPage" time="18.556">
    <failure message="expected [Sign Out] but found [Sign Up]" type="java.lang.AssertionError">java.lang.AssertionError: expected [Sign Out] but found [Sign Up]
	at org.testng.Assert.fail(Assert.java:111)
	at org.testng.Assert.failNotEquals(Assert.java:1578)
	at org.testng.Assert.assertEqualsImpl(Assert.java:150)
	at org.testng.Assert.assertEquals(Assert.java:132)
	at org.testng.Assert.assertEquals(Assert.java:656)
	at org.testng.Assert.assertEquals(Assert.java:666)
	at testcases.AssertsTest.hardAssertsMainPage(AssertsTest.java:46)
</failure>
    <system-out>Configuring TestNG with: org.apache.maven.surefire.testng.conf.TestNG652Configurator@7225790e
</system-out>
    <system-err>SLF4J: Failed to load class &quot;org.slf4j.impl.StaticLoggerBinder&quot;.
SLF4J: Defaulting to no-operation (NOP) logger implementation
SLF4J: See http://www.slf4j.org/codes.html#StaticLoggerBinder for further details.
Starting ChromeDriver 114.0.5735.90 (386bc09e8f4f2e025eddae123f36f6263096ae49-refs/branch-heads/5735@{#1052}) on port 40161
Only local connections are allowed.
Please see https://chromedriver.chromium.org/security-considerations for suggestions on keeping ChromeDriver safe.
ChromeDriver was started successfully.
[1691664186.665][WARNING]: This version of ChromeDriver has not been tested with Chrome version 115.
Aug 10, 2023 1:43:06 PM org.openqa.selenium.devtools.CdpVersionFinder findNearestMatch
WARNING: Unable to find an exact match for CDP version 115, so returning the closest version found: 112
</system-err>
  </testcase>
  <testcase classname="testcases.AssertsTest" name="softAssertsMainAndSignInPages" time="31.658">
    <failure message="The following asserts failed:
	expected [Sign Out] but found [Sign Up],
	expected [false] but found [true],
	expected [false] but found [true]" type="java.lang.AssertionError">java.lang.AssertionError: The following asserts failed:
	expected [Sign Out] but found [Sign Up],
	expected [false] but found [true],
	expected [false] but found [true]
	at org.testng.asserts.SoftAssert.assertAll(SoftAssert.java:46)
	at org.testng.asserts.SoftAssert.assertAll(SoftAssert.java:30)
	at testcases.AssertsTest.softAssertsMainAndSignInPages(AssertsTest.java:81)
</failure>
    <system-err>Starting ChromeDriver 114.0.5735.90 (386bc09e8f4f2e025eddae123f36f6263096ae49-refs/branch-heads/5735@{#1052}) on port 17926
Only local connections are allowed.
Please see https://chromedriver.chromium.org/security-considerations for suggestions on keeping ChromeDriver safe.
ChromeDriver was started successfully.
[1691664206.738][WARNING]: This version of ChromeDriver has not been tested with Chrome version 115.
Aug 10, 2023 1:43:26 PM org.openqa.selenium.devtools.CdpVersionFinder findNearestMatch
WARNING: Unable to find an exact match for CDP version 115, so returning the closest version found: 112
</system-err>
  </testcase>
  <testcase classname="testcases.FirstTest" name="EnterUserDataSubmit" time="25.631"/>
  <testcase classname="testcases.FirstTest" name="IncorrectEmailError" time="28.016"/>
  <testcase classname="testcases.FirstTest" name="OpenSignInPage" time="25.087"/>
  <testcase classname="testcases.FirstTest" name="OpenWebsite" time="24.024"/>
  <testcase classname="testcases.FirstTest" name="ValidateFieldsAndButtonDisplaying" time="24.886"/>
  <testcase classname="testcases.FirstTest" name="test" time="20.476"/>
  <testcase classname="testcases.JavaAndSeleniumPracticeTest" name="ValidateJobList" time="23.505"/>
</testsuite>